mode: set
github.com/dahlke/eklhad/web/workers/gsheets.go:26.57,28.16 2 0
github.com/dahlke/eklhad/web/workers/gsheets.go:28.16,31.3 2 0
github.com/dahlke/eklhad/web/workers/gsheets.go:32.2,33.54 2 0
github.com/dahlke/eklhad/web/workers/gsheets.go:33.54,36.3 2 0
github.com/dahlke/eklhad/web/workers/gsheets.go:37.2,37.15 1 0
github.com/dahlke/eklhad/web/workers/gsheets.go:40.62,41.24 1 0
github.com/dahlke/eklhad/web/workers/gsheets.go:41.24,44.17 3 0
github.com/dahlke/eklhad/web/workers/gsheets.go:44.17,46.4 1 0
github.com/dahlke/eklhad/web/workers/gsheets.go:48.3,59.59 6 0
github.com/dahlke/eklhad/web/workers/gsheets.go:59.59,62.4 2 0
github.com/dahlke/eklhad/web/workers/gsheets.go:64.3,64.36 1 0
github.com/dahlke/eklhad/web/workers/gsheets.go:64.36,67.4 2 0
github.com/dahlke/eklhad/web/workers/gsheets.go:69.3,69.57 1 0
github.com/dahlke/eklhad/web/workers/gsheets.go:70.8,72.3 1 0
github.com/dahlke/eklhad/web/workers/gsheets.go:76.143,95.16 10 0
github.com/dahlke/eklhad/web/workers/gsheets.go:95.16,97.3 1 0
github.com/dahlke/eklhad/web/workers/gsheets.go:100.2,103.16 3 0
github.com/dahlke/eklhad/web/workers/gsheets.go:103.16,105.3 1 0
github.com/dahlke/eklhad/web/workers/gsheets.go:108.2,111.16 3 0
github.com/dahlke/eklhad/web/workers/gsheets.go:111.16,113.3 1 0
github.com/dahlke/eklhad/web/workers/gsheets.go:115.2,115.12 1 0
github.com/dahlke/eklhad/web/workers/gsheets.go:119.60,120.22 1 1
github.com/dahlke/eklhad/web/workers/gsheets.go:120.22,122.3 1 1
github.com/dahlke/eklhad/web/workers/gsheets.go:124.2,125.65 2 1
github.com/dahlke/eklhad/web/workers/gsheets.go:129.58,130.44 1 1
github.com/dahlke/eklhad/web/workers/gsheets.go:130.44,132.3 1 1
github.com/dahlke/eklhad/web/workers/gsheets.go:134.2,134.40 1 1
github.com/dahlke/eklhad/web/workers/gsheets.go:134.40,136.3 1 1
github.com/dahlke/eklhad/web/workers/gsheets.go:137.2,137.31 1 1
github.com/dahlke/eklhad/web/workers/gsheets.go:140.50,141.20 1 0
github.com/dahlke/eklhad/web/workers/gsheets.go:141.20,144.17 3 0
github.com/dahlke/eklhad/web/workers/gsheets.go:144.17,146.4 1 0
github.com/dahlke/eklhad/web/workers/gsheets.go:148.3,159.59 6 0
github.com/dahlke/eklhad/web/workers/gsheets.go:159.59,162.4 2 0
github.com/dahlke/eklhad/web/workers/gsheets.go:164.3,164.36 1 0
github.com/dahlke/eklhad/web/workers/gsheets.go:164.36,167.4 2 0
github.com/dahlke/eklhad/web/workers/gsheets.go:169.3,169.53 1 0
github.com/dahlke/eklhad/web/workers/gsheets.go:170.8,172.3 1 0
github.com/dahlke/eklhad/web/workers/gsheets.go:175.50,178.16 3 0
github.com/dahlke/eklhad/web/workers/gsheets.go:178.16,180.3 1 0
github.com/dahlke/eklhad/web/workers/gsheets.go:182.2,193.58 6 0
github.com/dahlke/eklhad/web/workers/gsheets.go:193.58,196.3 2 0
github.com/dahlke/eklhad/web/workers/gsheets.go:198.2,198.35 1 0
github.com/dahlke/eklhad/web/workers/gsheets.go:198.35,201.3 2 0
github.com/dahlke/eklhad/web/workers/gsheets.go:206.47,217.30 6 0
github.com/dahlke/eklhad/web/workers/gsheets.go:217.30,219.17 2 0
github.com/dahlke/eklhad/web/workers/gsheets.go:219.17,222.26 2 0
github.com/dahlke/eklhad/web/workers/gsheets.go:222.26,225.19 3 0
github.com/dahlke/eklhad/web/workers/gsheets.go:225.19,227.6 1 0
github.com/dahlke/eklhad/web/workers/gsheets.go:228.10,230.5 1 0
github.com/dahlke/eklhad/web/workers/gsheets.go:231.9,233.4 1 0
github.com/dahlke/eklhad/web/workers/gsheets.go:234.8,236.25 1 0
github.com/dahlke/eklhad/web/workers/gsheets.go:236.25,238.4 1 0
github.com/dahlke/eklhad/web/workers/gsheets.go:239.3,241.17 3 0
github.com/dahlke/eklhad/web/workers/gsheets.go:241.17,243.4 1 0
github.com/dahlke/eklhad/web/workers/gsheets.go:248.2,251.16 3 0
github.com/dahlke/eklhad/web/workers/gsheets.go:251.16,253.3 1 0
github.com/dahlke/eklhad/web/workers/gsheets.go:255.2,255.36 1 0
github.com/dahlke/eklhad/web/workers/gsheets.go:255.36,257.3 1 0
github.com/dahlke/eklhad/web/workers/gsheets.go:257.8,260.44 2 0
github.com/dahlke/eklhad/web/workers/gsheets.go:260.44,262.20 1 0
github.com/dahlke/eklhad/web/workers/gsheets.go:262.20,264.13 2 0
github.com/dahlke/eklhad/web/workers/gsheets.go:267.4,278.58 8 0
github.com/dahlke/eklhad/web/workers/gsheets.go:278.58,279.43 1 0
github.com/dahlke/eklhad/web/workers/gsheets.go:279.43,281.6 1 0
github.com/dahlke/eklhad/web/workers/gsheets.go:281.11,281.65 1 0
github.com/dahlke/eklhad/web/workers/gsheets.go:281.65,283.6 1 0
github.com/dahlke/eklhad/web/workers/gsheets.go:285.4,285.58 1 0
github.com/dahlke/eklhad/web/workers/gsheets.go:285.58,286.43 1 0
github.com/dahlke/eklhad/web/workers/gsheets.go:286.43,288.6 1 0
github.com/dahlke/eklhad/web/workers/gsheets.go:288.11,288.65 1 0
github.com/dahlke/eklhad/web/workers/gsheets.go:288.65,290.6 1 0
github.com/dahlke/eklhad/web/workers/gsheets.go:295.4,300.26 4 0
github.com/dahlke/eklhad/web/workers/gsheets.go:300.26,307.45 4 0
github.com/dahlke/eklhad/web/workers/gsheets.go:307.45,312.22 3 0
github.com/dahlke/eklhad/web/workers/gsheets.go:312.22,314.21 2 0
github.com/dahlke/eklhad/web/workers/gsheets.go:314.21,316.8 1 0
github.com/dahlke/eklhad/web/workers/gsheets.go:316.13,318.8 1 0
github.com/dahlke/eklhad/web/workers/gsheets.go:320.11,322.6 1 0
github.com/dahlke/eklhad/web/workers/gsheets.go:323.10,325.5 1 0
github.com/dahlke/eklhad/web/workers/gsheets.go:327.4,328.33 2 0
github.com/dahlke/eklhad/web/workers/gsheets.go:328.33,330.5 1 0
github.com/dahlke/eklhad/web/workers/gsheets.go:332.4,333.33 2 0
github.com/dahlke/eklhad/web/workers/gsheets.go:333.33,335.5 1 0
github.com/dahlke/eklhad/web/workers/gsheets.go:337.4,338.30 2 0
github.com/dahlke/eklhad/web/workers/gsheets.go:338.30,340.5 1 0
github.com/dahlke/eklhad/web/workers/gsheets.go:342.4,342.28 1 0
github.com/dahlke/eklhad/web/workers/gsheets.go:342.28,344.13 2 0
github.com/dahlke/eklhad/web/workers/gsheets.go:347.4,360.61 3 0
github.com/dahlke/eklhad/web/workers/gsheets.go:365.3,366.34 2 0
github.com/dahlke/eklhad/web/workers/gsheets.go:366.34,367.64 1 0
github.com/dahlke/eklhad/web/workers/gsheets.go:367.64,371.5 3 0
github.com/dahlke/eklhad/web/workers/gsheets.go:374.3,374.39 1 0
github.com/dahlke/eklhad/web/workers/gsheets.go:377.2,380.16 3 0
github.com/dahlke/eklhad/web/workers/gsheets.go:380.16,382.3 1 0
github.com/dahlke/eklhad/web/workers/gsheets.go:384.2,384.32 1 0
github.com/dahlke/eklhad/web/workers/gsheets.go:384.32,386.3 1 0
github.com/dahlke/eklhad/web/workers/gsheets.go:386.8,389.40 2 0
github.com/dahlke/eklhad/web/workers/gsheets.go:389.40,402.18 11 0
github.com/dahlke/eklhad/web/workers/gsheets.go:402.18,404.5 1 0
github.com/dahlke/eklhad/web/workers/gsheets.go:406.4,417.49 2 0
github.com/dahlke/eklhad/web/workers/gsheets.go:419.3,419.31 1 0
github.com/dahlke/eklhad/web/workers/gsheets.go:422.2,425.16 3 0
github.com/dahlke/eklhad/web/workers/gsheets.go:425.16,427.3 1 0
github.com/dahlke/eklhad/web/workers/gsheets.go:429.2,429.32 1 0
github.com/dahlke/eklhad/web/workers/gsheets.go:429.32,431.3 1 0
github.com/dahlke/eklhad/web/workers/gsheets.go:431.8,434.40 2 0
github.com/dahlke/eklhad/web/workers/gsheets.go:434.40,444.18 8 0
github.com/dahlke/eklhad/web/workers/gsheets.go:444.18,446.5 1 0
github.com/dahlke/eklhad/web/workers/gsheets.go:448.4,456.49 2 0
github.com/dahlke/eklhad/web/workers/gsheets.go:459.3,459.31 1 0
github.com/dahlke/eklhad/web/main.go:46.39,50.2 3 1
github.com/dahlke/eklhad/web/main.go:52.63,56.2 3 1
github.com/dahlke/eklhad/web/main.go:58.66,68.2 4 1
github.com/dahlke/eklhad/web/main.go:70.62,80.2 4 1
github.com/dahlke/eklhad/web/main.go:82.62,92.2 4 1
github.com/dahlke/eklhad/web/main.go:94.65,97.2 2 1
github.com/dahlke/eklhad/web/main.go:99.64,114.12 4 0
github.com/dahlke/eklhad/web/main.go:114.12,114.68 2 0
github.com/dahlke/eklhad/web/main.go:115.2,115.12 1 0
github.com/dahlke/eklhad/web/main.go:115.12,115.60 2 0
github.com/dahlke/eklhad/web/main.go:116.2,116.12 1 0
github.com/dahlke/eklhad/web/main.go:116.12,116.60 2 0
github.com/dahlke/eklhad/web/main.go:117.2,127.33 4 0
github.com/dahlke/eklhad/web/main.go:131.60,139.2 3 1
github.com/dahlke/eklhad/web/main.go:142.59,150.2 3 1
github.com/dahlke/eklhad/web/main.go:158.49,161.2 2 1
github.com/dahlke/eklhad/web/main.go:164.63,165.71 1 1
github.com/dahlke/eklhad/web/main.go:165.71,181.3 5 1
github.com/dahlke/eklhad/web/main.go:185.64,186.71 1 1
github.com/dahlke/eklhad/web/main.go:186.71,193.19 6 1
github.com/dahlke/eklhad/web/main.go:193.19,195.4 1 1
github.com/dahlke/eklhad/web/main.go:197.3,197.23 1 1
github.com/dahlke/eklhad/web/main.go:208.59,210.2 1 1
github.com/dahlke/eklhad/web/main.go:212.52,215.2 2 0
github.com/dahlke/eklhad/web/main.go:218.60,227.71 2 1
github.com/dahlke/eklhad/web/main.go:227.71,229.39 2 1
github.com/dahlke/eklhad/web/main.go:229.39,230.39 1 1
github.com/dahlke/eklhad/web/main.go:230.39,233.5 2 1
github.com/dahlke/eklhad/web/main.go:236.3,236.65 1 1
github.com/dahlke/eklhad/web/main.go:236.65,239.4 2 1
github.com/dahlke/eklhad/web/main.go:241.3,246.25 5 1
github.com/dahlke/eklhad/web/main.go:252.59,253.71 1 0
github.com/dahlke/eklhad/web/main.go:253.71,254.48 1 0
github.com/dahlke/eklhad/web/main.go:254.48,256.4 1 0
github.com/dahlke/eklhad/web/main.go:256.9,258.4 1 0
github.com/dahlke/eklhad/web/main.go:259.3,259.21 1 0
github.com/dahlke/eklhad/web/main.go:263.58,267.2 3 0
github.com/dahlke/eklhad/web/main.go:269.62,271.29 2 1
github.com/dahlke/eklhad/web/main.go:271.29,273.3 1 1
github.com/dahlke/eklhad/web/main.go:274.2,276.59 3 1
github.com/dahlke/eklhad/web/main.go:279.21,295.2 4 1
github.com/dahlke/eklhad/web/main.go:297.51,299.16 2 1
github.com/dahlke/eklhad/web/main.go:299.16,301.3 1 0
github.com/dahlke/eklhad/web/main.go:302.2,308.15 5 1
github.com/dahlke/eklhad/web/main.go:311.41,314.2 0 0
github.com/dahlke/eklhad/web/main.go:316.13,317.49 1 0
github.com/dahlke/eklhad/web/main.go:317.49,318.53 1 0
github.com/dahlke/eklhad/web/main.go:318.53,320.4 1 0
github.com/dahlke/eklhad/web/main.go:323.2,344.88 15 0
github.com/dahlke/eklhad/web/main.go:344.88,346.3 1 0
github.com/dahlke/eklhad/web/main.go:347.2,347.80 1 0
github.com/dahlke/eklhad/web/main.go:347.80,349.3 1 0
github.com/dahlke/eklhad/web/main.go:350.2,350.77 1 0
github.com/dahlke/eklhad/web/main.go:350.77,352.3 1 0
github.com/dahlke/eklhad/web/main.go:353.2,353.81 1 0
github.com/dahlke/eklhad/web/main.go:353.81,355.3 1 0
github.com/dahlke/eklhad/web/main.go:356.2,356.78 1 0
github.com/dahlke/eklhad/web/main.go:356.78,358.3 1 0
github.com/dahlke/eklhad/web/main.go:361.2,373.20 10 0
github.com/dahlke/eklhad/web/main.go:373.20,375.3 1 0
github.com/dahlke/eklhad/web/main.go:377.2,377.19 1 0
github.com/dahlke/eklhad/web/main.go:377.19,379.3 1 0
github.com/dahlke/eklhad/web/main.go:379.8,379.25 1 0
github.com/dahlke/eklhad/web/main.go:379.25,380.21 1 0
github.com/dahlke/eklhad/web/main.go:380.21,383.4 2 0
github.com/dahlke/eklhad/web/main.go:385.3,386.13 2 0
github.com/dahlke/eklhad/web/main.go:386.13,388.18 2 0
github.com/dahlke/eklhad/web/main.go:388.18,390.5 1 0
github.com/dahlke/eklhad/web/main.go:393.3,395.17 3 0
github.com/dahlke/eklhad/web/main.go:396.8,397.21 1 0
github.com/dahlke/eklhad/web/main.go:397.21,400.4 2 0
github.com/dahlke/eklhad/web/main.go:402.3,404.17 3 0
github.com/dahlke/eklhad/web/services/blogs.go:11.38,16.2 4 1
github.com/dahlke/eklhad/web/services/common.go:35.61,39.74 3 1
github.com/dahlke/eklhad/web/services/common.go:39.74,42.3 2 1
github.com/dahlke/eklhad/web/services/common.go:43.2,47.16 4 1
github.com/dahlke/eklhad/web/services/common.go:47.16,50.3 2 0
github.com/dahlke/eklhad/web/services/common.go:51.2,54.16 3 1
github.com/dahlke/eklhad/web/services/common.go:54.16,57.3 2 0
github.com/dahlke/eklhad/web/services/common.go:59.2,63.18 4 1
github.com/dahlke/eklhad/web/services/links.go:11.38,17.2 4 1
github.com/dahlke/eklhad/web/services/locations.go:11.46,17.2 4 1
github.com/dahlke/eklhad/web/frontend/node_modules/flatted/golang/pkg/flatted/flatted.go:16.68,21.30 4 0
github.com/dahlke/eklhad/web/frontend/node_modules/flatted/golang/pkg/flatted/flatted.go:21.30,27.3 5 0
github.com/dahlke/eklhad/web/frontend/node_modules/flatted/golang/pkg/flatted/flatted.go:29.2,29.28 1 0
github.com/dahlke/eklhad/web/frontend/node_modules/flatted/golang/pkg/flatted/flatted.go:29.28,30.15 1 0
github.com/dahlke/eklhad/web/frontend/node_modules/flatted/golang/pkg/flatted/flatted.go:30.15,32.4 1 0
github.com/dahlke/eklhad/web/frontend/node_modules/flatted/golang/pkg/flatted/flatted.go:33.3,35.100 3 0
github.com/dahlke/eklhad/web/frontend/node_modules/flatted/golang/pkg/flatted/flatted.go:35.100,36.32 1 0
github.com/dahlke/eklhad/web/frontend/node_modules/flatted/golang/pkg/flatted/flatted.go:36.32,37.31 1 0
github.com/dahlke/eklhad/web/frontend/node_modules/flatted/golang/pkg/flatted/flatted.go:37.31,38.16 1 0
github.com/dahlke/eklhad/web/frontend/node_modules/flatted/golang/pkg/flatted/flatted.go:38.16,40.7 1 0
github.com/dahlke/eklhad/web/frontend/node_modules/flatted/golang/pkg/flatted/flatted.go:41.11,43.59 2 0
github.com/dahlke/eklhad/web/frontend/node_modules/flatted/golang/pkg/flatted/flatted.go:43.59,45.7 1 0
github.com/dahlke/eklhad/web/frontend/node_modules/flatted/golang/pkg/flatted/flatted.go:48.4,48.19 1 0
github.com/dahlke/eklhad/web/frontend/node_modules/flatted/golang/pkg/flatted/flatted.go:50.3,50.11 1 0
github.com/dahlke/eklhad/web/frontend/node_modules/flatted/golang/pkg/flatted/flatted.go:53.2,53.31 1 0
github.com/dahlke/eklhad/web/frontend/node_modules/flatted/golang/pkg/flatted/flatted.go:53.31,55.20 2 0
github.com/dahlke/eklhad/web/frontend/node_modules/flatted/golang/pkg/flatted/flatted.go:55.20,57.4 1 0
github.com/dahlke/eklhad/web/frontend/node_modules/flatted/golang/pkg/flatted/flatted.go:58.3,58.38 1 0
github.com/dahlke/eklhad/web/frontend/node_modules/flatted/golang/pkg/flatted/flatted.go:58.38,60.4 1 0
github.com/dahlke/eklhad/web/frontend/node_modules/flatted/golang/pkg/flatted/flatted.go:62.3,62.47 1 0
github.com/dahlke/eklhad/web/frontend/node_modules/flatted/golang/pkg/flatted/flatted.go:62.47,64.4 1 0
github.com/dahlke/eklhad/web/frontend/node_modules/flatted/golang/pkg/flatted/flatted.go:65.3,65.20 1 0
github.com/dahlke/eklhad/web/frontend/node_modules/flatted/golang/pkg/flatted/flatted.go:66.37,68.34 2 0
github.com/dahlke/eklhad/web/frontend/node_modules/flatted/golang/pkg/flatted/flatted.go:68.34,70.5 1 0
github.com/dahlke/eklhad/web/frontend/node_modules/flatted/golang/pkg/flatted/flatted.go:71.4,71.14 1 0
github.com/dahlke/eklhad/web/frontend/node_modules/flatted/golang/pkg/flatted/flatted.go:72.20,75.41 3 0
github.com/dahlke/eklhad/web/frontend/node_modules/flatted/golang/pkg/flatted/flatted.go:75.41,77.5 1 0
github.com/dahlke/eklhad/web/frontend/node_modules/flatted/golang/pkg/flatted/flatted.go:79.4,80.29 2 0
github.com/dahlke/eklhad/web/frontend/node_modules/flatted/golang/pkg/flatted/flatted.go:80.29,82.20 2 0
github.com/dahlke/eklhad/web/frontend/node_modules/flatted/golang/pkg/flatted/flatted.go:82.20,84.34 2 0
github.com/dahlke/eklhad/web/frontend/node_modules/flatted/golang/pkg/flatted/flatted.go:84.34,85.20 1 0
github.com/dahlke/eklhad/web/frontend/node_modules/flatted/golang/pkg/flatted/flatted.go:85.20,87.13 2 0
github.com/dahlke/eklhad/web/frontend/node_modules/flatted/golang/pkg/flatted/flatted.go:90.6,90.16 1 0
github.com/dahlke/eklhad/web/frontend/node_modules/flatted/golang/pkg/flatted/flatted.go:90.16,91.15 1 0
github.com/dahlke/eklhad/web/frontend/node_modules/flatted/golang/pkg/flatted/flatted.go:94.5,94.53 1 0
github.com/dahlke/eklhad/web/frontend/node_modules/flatted/golang/pkg/flatted/flatted.go:96.4,96.14 1 0
github.com/dahlke/eklhad/web/frontend/node_modules/flatted/golang/pkg/flatted/flatted.go:97.23,100.39 3 0
github.com/dahlke/eklhad/web/frontend/node_modules/flatted/golang/pkg/flatted/flatted.go:100.39,102.28 2 0
github.com/dahlke/eklhad/web/frontend/node_modules/flatted/golang/pkg/flatted/flatted.go:102.28,103.14 1 0
github.com/dahlke/eklhad/web/frontend/node_modules/flatted/golang/pkg/flatted/flatted.go:105.5,106.48 2 0
github.com/dahlke/eklhad/web/frontend/node_modules/flatted/golang/pkg/flatted/flatted.go:106.48,108.6 1 0
github.com/dahlke/eklhad/web/frontend/node_modules/flatted/golang/pkg/flatted/flatted.go:109.5,109.48 1 0
github.com/dahlke/eklhad/web/frontend/node_modules/flatted/golang/pkg/flatted/flatted.go:111.4,111.14 1 0
github.com/dahlke/eklhad/web/frontend/node_modules/flatted/golang/pkg/flatted/flatted.go:112.11,113.12 1 0
github.com/dahlke/eklhad/web/frontend/node_modules/flatted/golang/pkg/flatted/flatted.go:117.2,119.34 3 0
github.com/dahlke/eklhad/web/frontend/node_modules/flatted/golang/pkg/flatted/flatted.go:119.34,121.3 1 0
github.com/dahlke/eklhad/web/frontend/node_modules/flatted/golang/pkg/flatted/flatted.go:123.2,126.33 4 0
github.com/dahlke/eklhad/web/frontend/node_modules/flatted/golang/pkg/flatted/flatted.go:126.33,128.3 1 0
github.com/dahlke/eklhad/web/frontend/node_modules/flatted/golang/pkg/flatted/flatted.go:128.8,128.37 1 0
github.com/dahlke/eklhad/web/frontend/node_modules/flatted/golang/pkg/flatted/flatted.go:128.37,130.3 1 0
github.com/dahlke/eklhad/web/frontend/node_modules/flatted/golang/pkg/flatted/flatted.go:132.2,132.18 1 0
github.com/dahlke/eklhad/web/frontend/node_modules/flatted/golang/pkg/flatted/flatted.go:132.18,134.3 1 0
github.com/dahlke/eklhad/web/frontend/node_modules/flatted/golang/pkg/flatted/flatted.go:134.8,136.3 1 0
github.com/dahlke/eklhad/web/frontend/node_modules/flatted/golang/pkg/flatted/flatted.go:138.2,138.16 1 0
github.com/dahlke/eklhad/web/frontend/node_modules/flatted/golang/pkg/flatted/flatted.go:138.16,140.3 1 0
github.com/dahlke/eklhad/web/frontend/node_modules/flatted/golang/pkg/flatted/flatted.go:141.2,141.23 1 0
github.com/dahlke/eklhad/web/frontend/node_modules/flatted/golang/pkg/flatted/flatted.go:145.79,147.65 2 0
github.com/dahlke/eklhad/web/frontend/node_modules/flatted/golang/pkg/flatted/flatted.go:147.65,149.3 1 0
github.com/dahlke/eklhad/web/frontend/node_modules/flatted/golang/pkg/flatted/flatted.go:151.2,152.25 2 0
github.com/dahlke/eklhad/web/frontend/node_modules/flatted/golang/pkg/flatted/flatted.go:152.25,153.30 1 0
github.com/dahlke/eklhad/web/frontend/node_modules/flatted/golang/pkg/flatted/flatted.go:153.30,155.4 1 0
github.com/dahlke/eklhad/web/frontend/node_modules/flatted/golang/pkg/flatted/flatted.go:156.3,156.31 1 0
github.com/dahlke/eklhad/web/frontend/node_modules/flatted/golang/pkg/flatted/flatted.go:156.31,157.29 1 0
github.com/dahlke/eklhad/web/frontend/node_modules/flatted/golang/pkg/flatted/flatted.go:157.29,159.5 1 0
github.com/dahlke/eklhad/web/frontend/node_modules/flatted/golang/pkg/flatted/flatted.go:160.4,160.14 1 0
github.com/dahlke/eklhad/web/frontend/node_modules/flatted/golang/pkg/flatted/flatted.go:162.3,162.38 1 0
github.com/dahlke/eklhad/web/frontend/node_modules/flatted/golang/pkg/flatted/flatted.go:162.38,163.27 1 0
github.com/dahlke/eklhad/web/frontend/node_modules/flatted/golang/pkg/flatted/flatted.go:163.27,165.5 1 0
github.com/dahlke/eklhad/web/frontend/node_modules/flatted/golang/pkg/flatted/flatted.go:166.4,166.12 1 0
github.com/dahlke/eklhad/web/frontend/node_modules/flatted/golang/pkg/flatted/flatted.go:168.3,168.11 1 0
github.com/dahlke/eklhad/web/frontend/node_modules/flatted/golang/pkg/flatted/flatted.go:171.2,172.30 2 0
github.com/dahlke/eklhad/web/frontend/node_modules/flatted/golang/pkg/flatted/flatted.go:172.30,174.3 1 0
github.com/dahlke/eklhad/web/frontend/node_modules/flatted/golang/pkg/flatted/flatted.go:176.2,177.28 2 0
github.com/dahlke/eklhad/web/frontend/node_modules/flatted/golang/pkg/flatted/flatted.go:177.28,178.37 1 0
github.com/dahlke/eklhad/web/frontend/node_modules/flatted/golang/pkg/flatted/flatted.go:178.37,180.4 1 0
github.com/dahlke/eklhad/web/frontend/node_modules/flatted/golang/pkg/flatted/flatted.go:180.9,182.4 1 0
github.com/dahlke/eklhad/web/frontend/node_modules/flatted/golang/pkg/flatted/flatted.go:185.2,185.21 1 0
github.com/dahlke/eklhad/web/frontend/node_modules/flatted/golang/pkg/flatted/flatted.go:185.21,187.3 1 0
github.com/dahlke/eklhad/web/frontend/node_modules/flatted/golang/pkg/flatted/flatted.go:189.2,191.78 3 0
github.com/dahlke/eklhad/web/frontend/node_modules/flatted/golang/pkg/flatted/flatted.go:191.78,195.21 4 0
github.com/dahlke/eklhad/web/frontend/node_modules/flatted/golang/pkg/flatted/flatted.go:195.21,197.4 1 0
github.com/dahlke/eklhad/web/frontend/node_modules/flatted/golang/pkg/flatted/flatted.go:198.3,198.18 1 0
github.com/dahlke/eklhad/web/frontend/node_modules/flatted/golang/pkg/flatted/flatted.go:201.2,201.20 1 0
github.com/dahlke/eklhad/web/frontend/node_modules/flatted/golang/pkg/flatted/flatted.go:201.20,203.3 1 0
github.com/dahlke/eklhad/web/frontend/node_modules/flatted/golang/pkg/flatted/flatted.go:204.2,204.19 1 0
github.com/dahlke/eklhad/web/frontend/node_modules/flatted/golang/pkg/flatted/flatted.go:207.75,208.34 1 0
github.com/dahlke/eklhad/web/frontend/node_modules/flatted/golang/pkg/flatted/flatted.go:208.34,209.25 1 0
github.com/dahlke/eklhad/web/frontend/node_modules/flatted/golang/pkg/flatted/flatted.go:209.25,211.4 1 0
github.com/dahlke/eklhad/web/frontend/node_modules/flatted/golang/pkg/flatted/flatted.go:212.8,212.48 1 0
github.com/dahlke/eklhad/web/frontend/node_modules/flatted/golang/pkg/flatted/flatted.go:212.48,214.20 2 0
github.com/dahlke/eklhad/web/frontend/node_modules/flatted/golang/pkg/flatted/flatted.go:214.20,216.4 1 0
github.com/dahlke/eklhad/web/frontend/node_modules/flatted/golang/pkg/flatted/flatted.go:217.3,218.26 2 0
github.com/dahlke/eklhad/web/frontend/node_modules/flatted/golang/pkg/flatted/flatted.go:218.26,220.4 1 0
github.com/dahlke/eklhad/web/frontend/node_modules/flatted/golang/pkg/flatted/flatted.go:222.2,222.28 1 0
github.com/dahlke/eklhad/web/frontend/node_modules/flatted/golang/pkg/flatted/flatted.go:225.61,226.34 1 0
github.com/dahlke/eklhad/web/frontend/node_modules/flatted/golang/pkg/flatted/flatted.go:226.34,227.25 1 0
github.com/dahlke/eklhad/web/frontend/node_modules/flatted/golang/pkg/flatted/flatted.go:227.25,228.38 1 0
github.com/dahlke/eklhad/web/frontend/node_modules/flatted/golang/pkg/flatted/flatted.go:228.38,231.5 2 0
github.com/dahlke/eklhad/web/frontend/node_modules/flatted/golang/pkg/flatted/flatted.go:233.3,233.13 1 0
github.com/dahlke/eklhad/web/frontend/node_modules/flatted/golang/pkg/flatted/flatted.go:235.2,235.41 1 0
github.com/dahlke/eklhad/web/frontend/node_modules/flatted/golang/pkg/flatted/flatted.go:235.41,236.23 1 0
github.com/dahlke/eklhad/web/frontend/node_modules/flatted/golang/pkg/flatted/flatted.go:236.23,237.38 1 0
github.com/dahlke/eklhad/web/frontend/node_modules/flatted/golang/pkg/flatted/flatted.go:237.38,240.5 2 0
github.com/dahlke/eklhad/web/frontend/node_modules/flatted/golang/pkg/flatted/flatted.go:242.3,242.11 1 0
github.com/dahlke/eklhad/web/frontend/node_modules/flatted/golang/pkg/flatted/flatted.go:244.2,244.14 1 0
github.com/dahlke/eklhad/web/frontend/node_modules/flatted/golang/pkg/flatted/flatted.go:247.60,249.78 2 0
github.com/dahlke/eklhad/web/frontend/node_modules/flatted/golang/pkg/flatted/flatted.go:249.78,251.16 2 0
github.com/dahlke/eklhad/web/frontend/node_modules/flatted/golang/pkg/flatted/flatted.go:251.16,254.4 2 0
github.com/dahlke/eklhad/web/frontend/node_modules/flatted/golang/pkg/flatted/flatted.go:256.2,256.14 1 0
github.com/dahlke/eklhad/web/frontend/node_modules/flatted/golang/pkg/flatted/flatted.go:260.37,262.16 2 0
github.com/dahlke/eklhad/web/frontend/node_modules/flatted/golang/pkg/flatted/flatted.go:262.16,264.3 1 0
github.com/dahlke/eklhad/web/frontend/node_modules/flatted/golang/pkg/flatted/flatted.go:265.2,267.17 3 0
github.com/dahlke/eklhad/web/frontend/node_modules/flatted/golang/pkg/flatted/flatted.go:271.39,273.16 2 0
github.com/dahlke/eklhad/web/frontend/node_modules/flatted/golang/pkg/flatted/flatted.go:273.16,275.3 1 0
github.com/dahlke/eklhad/web/frontend/node_modules/flatted/golang/pkg/flatted/flatted.go:276.2,276.30 1 0
github.com/dahlke/eklhad/web/geo/geocoder.go:9.58,15.16 5 1
github.com/dahlke/eklhad/web/geo/geocoder.go:15.16,17.3 1 0
github.com/dahlke/eklhad/web/geo/geocoder.go:19.2,19.29 1 1
github.com/dahlke/eklhad/web/geo/geocoder.go:19.29,22.3 2 1
github.com/dahlke/eklhad/web/geo/geocoder.go:22.8,24.3 1 1
github.com/dahlke/eklhad/web/geo/geocoder.go:26.2,26.17 1 1
